The system is: Linux - 4.4.0-15-generic - x86_64
Compiling the C compiler identification source file "CMakeCCompilerId.c" succeeded.
Compiler: /usr/local/opt/gcc-5.3.0-32/bin/gcc 
Build flags: 
Id flags:  

The output was:
0


Compilation of the C compiler identification source "CMakeCCompilerId.c" produced "a.out"

The C compiler identification is GNU, found in "/home/i72saraf/Desktop/fsiv/fsiv_tutorial_opencv/CMakeFiles/3.13.4/CompilerIdC/a.out"

Compiling the CXX compiler identification source file "CMakeCXXCompilerId.cpp" succeeded.
Compiler: /usr/local/opt/gcc-5.3.0-32/bin/c++ 
Build flags: 
Id flags:  

The output was:
0


Compilation of the CXX compiler identification source "CMakeCXXCompilerId.cpp" produced "a.out"

The CXX compiler identification is GNU, found in "/home/i72saraf/Desktop/fsiv/fsiv_tutorial_opencv/CMakeFiles/3.13.4/CompilerIdCXX/a.out"

Determining if the C compiler works passed with the following output:
Change Dir: /home/i72saraf/Desktop/fsiv/fsiv_tutorial_opencv/CMakeFiles/CMakeTmp

Run Build Command:"/usr/local/bin/gmake" "cmTC_7576b/fast"
gmake: Atención: El archivo 'Makefile' tiene una hora de modificación 0,0066 s en el futuro
/usr/local/bin/gmake -f CMakeFiles/cmTC_7576b.dir/build.make CMakeFiles/cmTC_7576b.dir/build
gmake[1]: se entra en el directorio '/home/i72saraf/Desktop/fsiv/fsiv_tutorial_opencv/CMakeFiles/CMakeTmp'
gmake[1]: Atención: El archivo 'CMakeFiles/cmTC_7576b.dir/progress.make' tiene una hora de modificación 0,00065 s en el futuro
Building C object CMakeFiles/cmTC_7576b.dir/testCCompiler.c.o
/usr/local/opt/gcc-5.3.0-32/bin/gcc    -o CMakeFiles/cmTC_7576b.dir/testCCompiler.c.o   -c /home/i72saraf/Desktop/fsiv/fsiv_tutorial_opencv/CMakeFiles/CMakeTmp/testCCompiler.c
Linking C executable cmTC_7576b
/usr/local/bin/cmake -E cmake_link_script CMakeFiles/cmTC_7576b.dir/link.txt --verbose=1
/usr/local/opt/gcc-5.3.0-32/bin/gcc      -rdynamic CMakeFiles/cmTC_7576b.dir/testCCompiler.c.o  -o cmTC_7576b 
gmake[1]: atención: Se ha detectado una desviación en el reloj. La construcción podría estar incompleta.
gmake[1]: se sale del directorio '/home/i72saraf/Desktop/fsiv/fsiv_tutorial_opencv/CMakeFiles/CMakeTmp'
gmake: atención: Se ha detectado una desviación en el reloj. La construcción podría estar incompleta.


Detecting C compiler ABI info compiled with the following output:
Change Dir: /home/i72saraf/Desktop/fsiv/fsiv_tutorial_opencv/CMakeFiles/CMakeTmp

Run Build Command:"/usr/local/bin/gmake" "cmTC_0efce/fast"
gmake: Atención: El archivo 'Makefile' tiene una hora de modificación 0,018 s en el futuro
/usr/local/bin/gmake -f CMakeFiles/cmTC_0efce.dir/build.make CMakeFiles/cmTC_0efce.dir/build
gmake[1]: se entra en el directorio '/home/i72saraf/Desktop/fsiv/fsiv_tutorial_opencv/CMakeFiles/CMakeTmp'
gmake[1]: Atención: El archivo 'CMakeFiles/cmTC_0efce.dir/flags.make' tiene una hora de modificación 0,0004 s en el futuro
Building C object CMakeFiles/cmTC_0efce.dir/CMakeCCompilerABI.c.o
/usr/local/opt/gcc-5.3.0-32/bin/gcc    -o CMakeFiles/cmTC_0efce.dir/CMakeCCompilerABI.c.o   -c /usr/local/share/cmake-3.13/Modules/CMakeCCompilerABI.c
Linking C executable cmTC_0efce
/usr/local/bin/cmake -E cmake_link_script CMakeFiles/cmTC_0efce.dir/link.txt --verbose=1
/usr/local/opt/gcc-5.3.0-32/bin/gcc     -v -rdynamic CMakeFiles/cmTC_0efce.dir/CMakeCCompilerABI.c.o  -o cmTC_0efce 
Usando especificaciones internas.
COLLECT_GCC=/usr/local/opt/gcc-5.3.0-32/bin/gcc
COLLECT_LTO_WRAPPER=/usr/local/opt/gcc-5.3.0-32/libexec/gcc/i686-pc-linux-gnu/5.3.0/lto-wrapper
Objetivo: i686-pc-linux-gnu
Configurado con: ../gcc-5.3.0/configure --prefix=/usr/local/opt/gcc-5.3.0-32 --x-includes=/usr/local/X11R7/include --x-libraries=/usr/local/X11R7/lib --enable-tls --enable-languages=c,c++ --disable-multilib --disable-bootstrap --host=i686-pc-linux-gnu --build=i686-pc-linux-gnu : (reconfigured) ../gcc-5.3.0/configure --prefix=/usr/local/opt/gcc-5.3.0-32 --x-includes=/usr/local/X11R7/include --x-libraries=/usr/local/X11R7/lib --enable-tls --enable-languages=c,c++,fortran,java --disable-multilib --disable-bootstrap --host=i686-pc-linux-gnu --build=i686-pc-linux-gnu
Modelo de hilos: posix
gcc versión 5.3.0 (GCC) 
COMPILER_PATH=/usr/local/opt/gcc-5.3.0-32/libexec/gcc/i686-pc-linux-gnu/5.3.0/:/usr/local/opt/gcc-5.3.0-32/libexec/gcc/i686-pc-linux-gnu/5.3.0/:/usr/local/opt/gcc-5.3.0-32/libexec/gcc/i686-pc-linux-gnu/:/usr/local/opt/gcc-5.3.0-32/lib/gcc/i686-pc-linux-gnu/5.3.0/:/usr/local/opt/gcc-5.3.0-32/lib/gcc/i686-pc-linux-gnu/
LIBRARY_PATH=/usr/local/opt/gcc-5.3.0-32/lib/gcc/i686-pc-linux-gnu/5.3.0/:/usr/local/opt/gcc-5.3.0-32/lib/gcc/i686-pc-linux-gnu/5.3.0/../../../:/lib/:/usr/lib/
COLLECT_GCC_OPTIONS='-v' '-rdynamic' '-o' 'cmTC_0efce' '-mtune=generic' '-march=pentiumpro'
 /usr/local/opt/gcc-5.3.0-32/libexec/gcc/i686-pc-linux-gnu/5.3.0/collect2 -plugin /usr/local/opt/gcc-5.3.0-32/libexec/gcc/i686-pc-linux-gnu/5.3.0/liblto_plugin.so -plugin-opt=/usr/local/opt/gcc-5.3.0-32/libexec/gcc/i686-pc-linux-gnu/5.3.0/lto-wrapper -plugin-opt=-fresolution=/tmp/ccvOV6rB.res -plugin-opt=-pass-through=-lgcc -plugin-opt=-pass-through=-lgcc_s -plugin-opt=-pass-through=-lc -plugin-opt=-pass-through=-lgcc -plugin-opt=-pass-through=-lgcc_s --eh-frame-hdr -m elf_i386 -export-dynamic -dynamic-linker /lib/ld-linux.so.2 -o cmTC_0efce /lib/crt1.o /lib/crti.o /usr/local/opt/gcc-5.3.0-32/lib/gcc/i686-pc-linux-gnu/5.3.0/crtbegin.o -L/usr/local/opt/gcc-5.3.0-32/lib/gcc/i686-pc-linux-gnu/5.3.0 -L/usr/local/opt/gcc-5.3.0-32/lib/gcc/i686-pc-linux-gnu/5.3.0/../../.. CMakeFiles/cmTC_0efce.dir/CMakeCCompilerABI.c.o -lgcc --as-needed -lgcc_s --no-as-needed -lc -lgcc --as-needed -lgcc_s --no-as-needed /usr/local/opt/gcc-5.3.0-32/lib/gcc/i686-pc-linux-gnu/5.3.0/crtend.o /lib/crtn.o
gmake[1]: atención: Se ha detectado una desviación en el reloj. La construcción podría estar incompleta.
gmake[1]: se sale del directorio '/home/i72saraf/Desktop/fsiv/fsiv_tutorial_opencv/CMakeFiles/CMakeTmp'
gmake: atención: Se ha detectado una desviación en el reloj. La construcción podría estar incompleta.


Parsed C implicit link information from above output:
  link line regex: [^( *|.*[/\])(ld|CMAKE_LINK_STARTFILE-NOTFOUND|([^/\]+-)?ld|collect2)[^/\]*( |$)]
  ignore line: [Change Dir: /home/i72saraf/Desktop/fsiv/fsiv_tutorial_opencv/CMakeFiles/CMakeTmp]
  ignore line: []
  ignore line: [Run Build Command:"/usr/local/bin/gmake" "cmTC_0efce/fast"]
  ignore line: [gmake: Atención: El archivo 'Makefile' tiene una hora de modificación 0,018 s en el futuro]
  ignore line: [/usr/local/bin/gmake -f CMakeFiles/cmTC_0efce.dir/build.make CMakeFiles/cmTC_0efce.dir/build]
  ignore line: [gmake[1]: se entra en el directorio '/home/i72saraf/Desktop/fsiv/fsiv_tutorial_opencv/CMakeFiles/CMakeTmp']
  ignore line: [gmake[1]: Atención: El archivo 'CMakeFiles/cmTC_0efce.dir/flags.make' tiene una hora de modificación 0,0004 s en el futuro]
  ignore line: [Building C object CMakeFiles/cmTC_0efce.dir/CMakeCCompilerABI.c.o]
  ignore line: [/usr/local/opt/gcc-5.3.0-32/bin/gcc    -o CMakeFiles/cmTC_0efce.dir/CMakeCCompilerABI.c.o   -c /usr/local/share/cmake-3.13/Modules/CMakeCCompilerABI.c]
  ignore line: [Linking C executable cmTC_0efce]
  ignore line: [/usr/local/bin/cmake -E cmake_link_script CMakeFiles/cmTC_0efce.dir/link.txt --verbose=1]
  ignore line: [/usr/local/opt/gcc-5.3.0-32/bin/gcc     -v -rdynamic CMakeFiles/cmTC_0efce.dir/CMakeCCompilerABI.c.o  -o cmTC_0efce ]
  ignore line: [Usando especificaciones internas.]
  ignore line: [COLLECT_GCC=/usr/local/opt/gcc-5.3.0-32/bin/gcc]
  ignore line: [COLLECT_LTO_WRAPPER=/usr/local/opt/gcc-5.3.0-32/libexec/gcc/i686-pc-linux-gnu/5.3.0/lto-wrapper]
  ignore line: [Objetivo: i686-pc-linux-gnu]
  ignore line: [Configurado con: ../gcc-5.3.0/configure --prefix=/usr/local/opt/gcc-5.3.0-32 --x-includes=/usr/local/X11R7/include --x-libraries=/usr/local/X11R7/lib --enable-tls --enable-languages=c,c++ --disable-multilib --disable-bootstrap --host=i686-pc-linux-gnu --build=i686-pc-linux-gnu : (reconfigured) ../gcc-5.3.0/configure --prefix=/usr/local/opt/gcc-5.3.0-32 --x-includes=/usr/local/X11R7/include --x-libraries=/usr/local/X11R7/lib --enable-tls --enable-languages=c,c++,fortran,java --disable-multilib --disable-bootstrap --host=i686-pc-linux-gnu --build=i686-pc-linux-gnu]
  ignore line: [Modelo de hilos: posix]
  ignore line: [gcc versión 5.3.0 (GCC) ]
  ignore line: [COMPILER_PATH=/usr/local/opt/gcc-5.3.0-32/libexec/gcc/i686-pc-linux-gnu/5.3.0/:/usr/local/opt/gcc-5.3.0-32/libexec/gcc/i686-pc-linux-gnu/5.3.0/:/usr/local/opt/gcc-5.3.0-32/libexec/gcc/i686-pc-linux-gnu/:/usr/local/opt/gcc-5.3.0-32/lib/gcc/i686-pc-linux-gnu/5.3.0/:/usr/local/opt/gcc-5.3.0-32/lib/gcc/i686-pc-linux-gnu/]
  ignore line: [LIBRARY_PATH=/usr/local/opt/gcc-5.3.0-32/lib/gcc/i686-pc-linux-gnu/5.3.0/:/usr/local/opt/gcc-5.3.0-32/lib/gcc/i686-pc-linux-gnu/5.3.0/../../../:/lib/:/usr/lib/]
  ignore line: [COLLECT_GCC_OPTIONS='-v' '-rdynamic' '-o' 'cmTC_0efce' '-mtune=generic' '-march=pentiumpro']
  link line: [ /usr/local/opt/gcc-5.3.0-32/libexec/gcc/i686-pc-linux-gnu/5.3.0/collect2 -plugin /usr/local/opt/gcc-5.3.0-32/libexec/gcc/i686-pc-linux-gnu/5.3.0/liblto_plugin.so -plugin-opt=/usr/local/opt/gcc-5.3.0-32/libexec/gcc/i686-pc-linux-gnu/5.3.0/lto-wrapper -plugin-opt=-fresolution=/tmp/ccvOV6rB.res -plugin-opt=-pass-through=-lgcc -plugin-opt=-pass-through=-lgcc_s -plugin-opt=-pass-through=-lc -plugin-opt=-pass-through=-lgcc -plugin-opt=-pass-through=-lgcc_s --eh-frame-hdr -m elf_i386 -export-dynamic -dynamic-linker /lib/ld-linux.so.2 -o cmTC_0efce /lib/crt1.o /lib/crti.o /usr/local/opt/gcc-5.3.0-32/lib/gcc/i686-pc-linux-gnu/5.3.0/crtbegin.o -L/usr/local/opt/gcc-5.3.0-32/lib/gcc/i686-pc-linux-gnu/5.3.0 -L/usr/local/opt/gcc-5.3.0-32/lib/gcc/i686-pc-linux-gnu/5.3.0/../../.. CMakeFiles/cmTC_0efce.dir/CMakeCCompilerABI.c.o -lgcc --as-needed -lgcc_s --no-as-needed -lc -lgcc --as-needed -lgcc_s --no-as-needed /usr/local/opt/gcc-5.3.0-32/lib/gcc/i686-pc-linux-gnu/5.3.0/crtend.o /lib/crtn.o]
    arg [/usr/local/opt/gcc-5.3.0-32/libexec/gcc/i686-pc-linux-gnu/5.3.0/collect2] ==> ignore
    arg [-plugin] ==> ignore
    arg [/usr/local/opt/gcc-5.3.0-32/libexec/gcc/i686-pc-linux-gnu/5.3.0/liblto_plugin.so] ==> ignore
    arg [-plugin-opt=/usr/local/opt/gcc-5.3.0-32/libexec/gcc/i686-pc-linux-gnu/5.3.0/lto-wrapper] ==> ignore
    arg [-plugin-opt=-fresolution=/tmp/ccvOV6rB.res] ==> ignore
    arg [-plugin-opt=-pass-through=-lgcc] ==> ignore
    arg [-plugin-opt=-pass-through=-lgcc_s] ==> ignore
    arg [-plugin-opt=-pass-through=-lc] ==> ignore
    arg [-plugin-opt=-pass-through=-lgcc] ==> ignore
    arg [-plugin-opt=-pass-through=-lgcc_s] ==> ignore
    arg [--eh-frame-hdr] ==> ignore
    arg [-m] ==> ignore
    arg [elf_i386] ==> ignore
    arg [-export-dynamic] ==> ignore
    arg [-dynamic-linker] ==> ignore
    arg [/lib/ld-linux.so.2] ==> ignore
    arg [-o] ==> ignore
    arg [cmTC_0efce] ==> ignore
    arg [/lib/crt1.o] ==> ignore
    arg [/lib/crti.o] ==> ignore
    arg [/usr/local/opt/gcc-5.3.0-32/lib/gcc/i686-pc-linux-gnu/5.3.0/crtbegin.o] ==> ignore
    arg [-L/usr/local/opt/gcc-5.3.0-32/lib/gcc/i686-pc-linux-gnu/5.3.0] ==> dir [/usr/local/opt/gcc-5.3.0-32/lib/gcc/i686-pc-linux-gnu/5.3.0]
    arg [-L/usr/local/opt/gcc-5.3.0-32/lib/gcc/i686-pc-linux-gnu/5.3.0/../../..] ==> dir [/usr/local/opt/gcc-5.3.0-32/lib/gcc/i686-pc-linux-gnu/5.3.0/../../..]
    arg [CMakeFiles/cmTC_0efce.dir/CMakeCCompilerABI.c.o] ==> ignore
    arg [-lgcc] ==> lib [gcc]
    arg [--as-needed] ==> ignore
    arg [-lgcc_s] ==> lib [gcc_s]
    arg [--no-as-needed] ==> ignore
    arg [-lc] ==> lib [c]
    arg [-lgcc] ==> lib [gcc]
    arg [--as-needed] ==> ignore
    arg [-lgcc_s] ==> lib [gcc_s]
    arg [--no-as-needed] ==> ignore
    arg [/usr/local/opt/gcc-5.3.0-32/lib/gcc/i686-pc-linux-gnu/5.3.0/crtend.o] ==> ignore
    arg [/lib/crtn.o] ==> ignore
  collapse library dir [/usr/local/opt/gcc-5.3.0-32/lib/gcc/i686-pc-linux-gnu/5.3.0] ==> [/usr/local/opt/gcc-5.3.0-32/lib/gcc/i686-pc-linux-gnu/5.3.0]
  collapse library dir [/usr/local/opt/gcc-5.3.0-32/lib/gcc/i686-pc-linux-gnu/5.3.0/../../..] ==> [/usr/local/opt/gcc-5.3.0-32/lib]
  implicit libs: [gcc;gcc_s;c;gcc;gcc_s]
  implicit dirs: [/usr/local/opt/gcc-5.3.0-32/lib/gcc/i686-pc-linux-gnu/5.3.0;/usr/local/opt/gcc-5.3.0-32/lib]
  implicit fwks: []




Detecting C [-std=c11] compiler features compiled with the following output:
Change Dir: /home/i72saraf/Desktop/fsiv/fsiv_tutorial_opencv/CMakeFiles/CMakeTmp

Run Build Command:"/usr/local/bin/gmake" "cmTC_95ddc/fast"
gmake: Atención: El archivo 'Makefile' tiene una hora de modificación 0,015 s en el futuro
/usr/local/bin/gmake -f CMakeFiles/cmTC_95ddc.dir/build.make CMakeFiles/cmTC_95ddc.dir/build
gmake[1]: se entra en el directorio '/home/i72saraf/Desktop/fsiv/fsiv_tutorial_opencv/CMakeFiles/CMakeTmp'
gmake[1]: Atención: El archivo 'CMakeFiles/cmTC_95ddc.dir/progress.make' tiene una hora de modificación 0,02 s en el futuro
Building C object CMakeFiles/cmTC_95ddc.dir/feature_tests.c.o
/usr/local/opt/gcc-5.3.0-32/bin/gcc   -std=c11 -o CMakeFiles/cmTC_95ddc.dir/feature_tests.c.o   -c /home/i72saraf/Desktop/fsiv/fsiv_tutorial_opencv/CMakeFiles/feature_tests.c
Linking C executable cmTC_95ddc
/usr/local/bin/cmake -E cmake_link_script CMakeFiles/cmTC_95ddc.dir/link.txt --verbose=1
/usr/local/opt/gcc-5.3.0-32/bin/gcc      -rdynamic CMakeFiles/cmTC_95ddc.dir/feature_tests.c.o  -o cmTC_95ddc 
gmake[1]: atención: Se ha detectado una desviación en el reloj. La construcción podría estar incompleta.
gmake[1]: se sale del directorio '/home/i72saraf/Desktop/fsiv/fsiv_tutorial_opencv/CMakeFiles/CMakeTmp'
gmake: atención: Se ha detectado una desviación en el reloj. La construcción podría estar incompleta.


    Feature record: C_FEATURE:1c_function_prototypes
    Feature record: C_FEATURE:1c_restrict
    Feature record: C_FEATURE:1c_static_assert
    Feature record: C_FEATURE:1c_variadic_macros


Detecting C [-std=c99] compiler features compiled with the following output:
Change Dir: /home/i72saraf/Desktop/fsiv/fsiv_tutorial_opencv/CMakeFiles/CMakeTmp

Run Build Command:"/usr/local/bin/gmake" "cmTC_d0362/fast"
gmake: Atención: El archivo 'Makefile' tiene una hora de modificación 0,018 s en el futuro
/usr/local/bin/gmake -f CMakeFiles/cmTC_d0362.dir/build.make CMakeFiles/cmTC_d0362.dir/build
gmake[1]: se entra en el directorio '/home/i72saraf/Desktop/fsiv/fsiv_tutorial_opencv/CMakeFiles/CMakeTmp'
gmake[1]: Atención: El archivo 'CMakeFiles/cmTC_d0362.dir/flags.make' tiene una hora de modificación 0,00092 s en el futuro
Building C object CMakeFiles/cmTC_d0362.dir/feature_tests.c.o
/usr/local/opt/gcc-5.3.0-32/bin/gcc   -std=c99 -o CMakeFiles/cmTC_d0362.dir/feature_tests.c.o   -c /home/i72saraf/Desktop/fsiv/fsiv_tutorial_opencv/CMakeFiles/feature_tests.c
Linking C executable cmTC_d0362
/usr/local/bin/cmake -E cmake_link_script CMakeFiles/cmTC_d0362.dir/link.txt --verbose=1
/usr/local/opt/gcc-5.3.0-32/bin/gcc      -rdynamic CMakeFiles/cmTC_d0362.dir/feature_tests.c.o  -o cmTC_d0362 
gmake[1]: atención: Se ha detectado una desviación en el reloj. La construcción podría estar incompleta.
gmake[1]: se sale del directorio '/home/i72saraf/Desktop/fsiv/fsiv_tutorial_opencv/CMakeFiles/CMakeTmp'
gmake: atención: Se ha detectado una desviación en el reloj. La construcción podría estar incompleta.


    Feature record: C_FEATURE:1c_function_prototypes
    Feature record: C_FEATURE:1c_restrict
    Feature record: C_FEATURE:0c_static_assert
    Feature record: C_FEATURE:1c_variadic_macros


Detecting C [-std=c90] compiler features compiled with the following output:
Change Dir: /home/i72saraf/Desktop/fsiv/fsiv_tutorial_opencv/CMakeFiles/CMakeTmp

Run Build Command:"/usr/local/bin/gmake" "cmTC_c7cb4/fast"
gmake: Atención: El archivo 'Makefile' tiene una hora de modificación 0,019 s en el futuro
/usr/local/bin/gmake -f CMakeFiles/cmTC_c7cb4.dir/build.make CMakeFiles/cmTC_c7cb4.dir/build
gmake[1]: se entra en el directorio '/home/i72saraf/Desktop/fsiv/fsiv_tutorial_opencv/CMakeFiles/CMakeTmp'
gmake[1]: Atención: El archivo 'CMakeFiles/cmTC_c7cb4.dir/flags.make' tiene una hora de modificación 0,0027 s en el futuro
Building C object CMakeFiles/cmTC_c7cb4.dir/feature_tests.c.o
/usr/local/opt/gcc-5.3.0-32/bin/gcc   -std=c90 -o CMakeFiles/cmTC_c7cb4.dir/feature_tests.c.o   -c /home/i72saraf/Desktop/fsiv/fsiv_tutorial_opencv/CMakeFiles/feature_tests.c
Linking C executable cmTC_c7cb4
/usr/local/bin/cmake -E cmake_link_script CMakeFiles/cmTC_c7cb4.dir/link.txt --verbose=1
/usr/local/opt/gcc-5.3.0-32/bin/gcc      -rdynamic CMakeFiles/cmTC_c7cb4.dir/feature_tests.c.o  -o cmTC_c7cb4 
gmake[1]: atención: Se ha detectado una desviación en el reloj. La construcción podría estar incompleta.
gmake[1]: se sale del directorio '/home/i72saraf/Desktop/fsiv/fsiv_tutorial_opencv/CMakeFiles/CMakeTmp'
gmake: atención: Se ha detectado una desviación en el reloj. La construcción podría estar incompleta.


    Feature record: C_FEATURE:1c_function_prototypes
    Feature record: C_FEATURE:0c_restrict
    Feature record: C_FEATURE:0c_static_assert
    Feature record: C_FEATURE:0c_variadic_macros
Determining if the CXX compiler works passed with the following output:
Change Dir: /home/i72saraf/Desktop/fsiv/fsiv_tutorial_opencv/CMakeFiles/CMakeTmp

Run Build Command:"/usr/local/bin/gmake" "cmTC_8ac93/fast"
gmake: Atención: El archivo 'Makefile' tiene una hora de modificación 0,016 s en el futuro
/usr/local/bin/gmake -f CMakeFiles/cmTC_8ac93.dir/build.make CMakeFiles/cmTC_8ac93.dir/build
gmake[1]: se entra en el directorio '/home/i72saraf/Desktop/fsiv/fsiv_tutorial_opencv/CMakeFiles/CMakeTmp'
gmake[1]: Atención: El archivo 'CMakeFiles/cmTC_8ac93.dir/progress.make' tiene una hora de modificación 0,019 s en el futuro
Building CXX object CMakeFiles/cmTC_8ac93.dir/testCXXCompiler.cxx.o
/usr/local/opt/gcc-5.3.0-32/bin/c++     -o CMakeFiles/cmTC_8ac93.dir/testCXXCompiler.cxx.o -c /home/i72saraf/Desktop/fsiv/fsiv_tutorial_opencv/CMakeFiles/CMakeTmp/testCXXCompiler.cxx
Linking CXX executable cmTC_8ac93
/usr/local/bin/cmake -E cmake_link_script CMakeFiles/cmTC_8ac93.dir/link.txt --verbose=1
/usr/local/opt/gcc-5.3.0-32/bin/c++       -rdynamic CMakeFiles/cmTC_8ac93.dir/testCXXCompiler.cxx.o  -o cmTC_8ac93 
gmake[1]: atención: Se ha detectado una desviación en el reloj. La construcción podría estar incompleta.
gmake[1]: se sale del directorio '/home/i72saraf/Desktop/fsiv/fsiv_tutorial_opencv/CMakeFiles/CMakeTmp'
gmake: atención: Se ha detectado una desviación en el reloj. La construcción podría estar incompleta.


Detecting CXX compiler ABI info compiled with the following output:
Change Dir: /home/i72saraf/Desktop/fsiv/fsiv_tutorial_opencv/CMakeFiles/CMakeTmp

Run Build Command:"/usr/local/bin/gmake" "cmTC_63fd9/fast"
gmake: Atención: El archivo 'Makefile' tiene una hora de modificación 0,017 s en el futuro
/usr/local/bin/gmake -f CMakeFiles/cmTC_63fd9.dir/build.make CMakeFiles/cmTC_63fd9.dir/build
gmake[1]: se entra en el directorio '/home/i72saraf/Desktop/fsiv/fsiv_tutorial_opencv/CMakeFiles/CMakeTmp'
gmake[1]: Atención: El archivo 'CMakeFiles/cmTC_63fd9.dir/progress.make' tiene una hora de modificación 0,019 s en el futuro
Building CXX object CMakeFiles/cmTC_63fd9.dir/CMakeCXXCompilerABI.cpp.o
/usr/local/opt/gcc-5.3.0-32/bin/c++     -o CMakeFiles/cmTC_63fd9.dir/CMakeCXXCompilerABI.cpp.o -c /usr/local/share/cmake-3.13/Modules/CMakeCXXCompilerABI.cpp
Linking CXX executable cmTC_63fd9
/usr/local/bin/cmake -E cmake_link_script CMakeFiles/cmTC_63fd9.dir/link.txt --verbose=1
/usr/local/opt/gcc-5.3.0-32/bin/c++      -v -rdynamic CMakeFiles/cmTC_63fd9.dir/CMakeCXXCompilerABI.cpp.o  -o cmTC_63fd9 
Usando especificaciones internas.
COLLECT_GCC=/usr/local/opt/gcc-5.3.0-32/bin/c++
COLLECT_LTO_WRAPPER=/usr/local/opt/gcc-5.3.0-32/libexec/gcc/i686-pc-linux-gnu/5.3.0/lto-wrapper
Objetivo: i686-pc-linux-gnu
Configurado con: ../gcc-5.3.0/configure --prefix=/usr/local/opt/gcc-5.3.0-32 --x-includes=/usr/local/X11R7/include --x-libraries=/usr/local/X11R7/lib --enable-tls --enable-languages=c,c++ --disable-multilib --disable-bootstrap --host=i686-pc-linux-gnu --build=i686-pc-linux-gnu : (reconfigured) ../gcc-5.3.0/configure --prefix=/usr/local/opt/gcc-5.3.0-32 --x-includes=/usr/local/X11R7/include --x-libraries=/usr/local/X11R7/lib --enable-tls --enable-languages=c,c++,fortran,java --disable-multilib --disable-bootstrap --host=i686-pc-linux-gnu --build=i686-pc-linux-gnu
Modelo de hilos: posix
gcc versión 5.3.0 (GCC) 
COMPILER_PATH=/usr/local/opt/gcc-5.3.0-32/libexec/gcc/i686-pc-linux-gnu/5.3.0/:/usr/local/opt/gcc-5.3.0-32/libexec/gcc/i686-pc-linux-gnu/5.3.0/:/usr/local/opt/gcc-5.3.0-32/libexec/gcc/i686-pc-linux-gnu/:/usr/local/opt/gcc-5.3.0-32/lib/gcc/i686-pc-linux-gnu/5.3.0/:/usr/local/opt/gcc-5.3.0-32/lib/gcc/i686-pc-linux-gnu/
LIBRARY_PATH=/usr/local/opt/gcc-5.3.0-32/lib/gcc/i686-pc-linux-gnu/5.3.0/:/usr/local/opt/gcc-5.3.0-32/lib/gcc/i686-pc-linux-gnu/5.3.0/../../../:/lib/:/usr/lib/
COLLECT_GCC_OPTIONS='-v' '-rdynamic' '-o' 'cmTC_63fd9' '-shared-libgcc' '-mtune=generic' '-march=pentiumpro'
 /usr/local/opt/gcc-5.3.0-32/libexec/gcc/i686-pc-linux-gnu/5.3.0/collect2 -plugin /usr/local/opt/gcc-5.3.0-32/libexec/gcc/i686-pc-linux-gnu/5.3.0/liblto_plugin.so -plugin-opt=/usr/local/opt/gcc-5.3.0-32/libexec/gcc/i686-pc-linux-gnu/5.3.0/lto-wrapper -plugin-opt=-fresolution=/tmp/cclJ0CM6.res -plugin-opt=-pass-through=-lgcc_s -plugin-opt=-pass-through=-lgcc -plugin-opt=-pass-through=-lc -plugin-opt=-pass-through=-lgcc_s -plugin-opt=-pass-through=-lgcc --eh-frame-hdr -m elf_i386 -export-dynamic -dynamic-linker /lib/ld-linux.so.2 -o cmTC_63fd9 /lib/crt1.o /lib/crti.o /usr/local/opt/gcc-5.3.0-32/lib/gcc/i686-pc-linux-gnu/5.3.0/crtbegin.o -L/usr/local/opt/gcc-5.3.0-32/lib/gcc/i686-pc-linux-gnu/5.3.0 -L/usr/local/opt/gcc-5.3.0-32/lib/gcc/i686-pc-linux-gnu/5.3.0/../../.. CMakeFiles/cmTC_63fd9.dir/CMakeCXXCompilerABI.cpp.o -lstdc++ -lm -lgcc_s -lgcc -lc -lgcc_s -lgcc /usr/local/opt/gcc-5.3.0-32/lib/gcc/i686-pc-linux-gnu/5.3.0/crtend.o /lib/crtn.o
gmake[1]: atención: Se ha detectado una desviación en el reloj. La construcción podría estar incompleta.
gmake[1]: se sale del directorio '/home/i72saraf/Desktop/fsiv/fsiv_tutorial_opencv/CMakeFiles/CMakeTmp'
gmake: atención: Se ha detectado una desviación en el reloj. La construcción podría estar incompleta.


Parsed CXX implicit link information from above output:
  link line regex: [^( *|.*[/\])(ld|CMAKE_LINK_STARTFILE-NOTFOUND|([^/\]+-)?ld|collect2)[^/\]*( |$)]
  ignore line: [Change Dir: /home/i72saraf/Desktop/fsiv/fsiv_tutorial_opencv/CMakeFiles/CMakeTmp]
  ignore line: []
  ignore line: [Run Build Command:"/usr/local/bin/gmake" "cmTC_63fd9/fast"]
  ignore line: [gmake: Atención: El archivo 'Makefile' tiene una hora de modificación 0,017 s en el futuro]
  ignore line: [/usr/local/bin/gmake -f CMakeFiles/cmTC_63fd9.dir/build.make CMakeFiles/cmTC_63fd9.dir/build]
  ignore line: [gmake[1]: se entra en el directorio '/home/i72saraf/Desktop/fsiv/fsiv_tutorial_opencv/CMakeFiles/CMakeTmp']
  ignore line: [gmake[1]: Atención: El archivo 'CMakeFiles/cmTC_63fd9.dir/progress.make' tiene una hora de modificación 0,019 s en el futuro]
  ignore line: [Building CXX object CMakeFiles/cmTC_63fd9.dir/CMakeCXXCompilerABI.cpp.o]
  ignore line: [/usr/local/opt/gcc-5.3.0-32/bin/c++     -o CMakeFiles/cmTC_63fd9.dir/CMakeCXXCompilerABI.cpp.o -c /usr/local/share/cmake-3.13/Modules/CMakeCXXCompilerABI.cpp]
  ignore line: [Linking CXX executable cmTC_63fd9]
  ignore line: [/usr/local/bin/cmake -E cmake_link_script CMakeFiles/cmTC_63fd9.dir/link.txt --verbose=1]
  ignore line: [/usr/local/opt/gcc-5.3.0-32/bin/c++      -v -rdynamic CMakeFiles/cmTC_63fd9.dir/CMakeCXXCompilerABI.cpp.o  -o cmTC_63fd9 ]
  ignore line: [Usando especificaciones internas.]
  ignore line: [COLLECT_GCC=/usr/local/opt/gcc-5.3.0-32/bin/c++]
  ignore line: [COLLECT_LTO_WRAPPER=/usr/local/opt/gcc-5.3.0-32/libexec/gcc/i686-pc-linux-gnu/5.3.0/lto-wrapper]
  ignore line: [Objetivo: i686-pc-linux-gnu]
  ignore line: [Configurado con: ../gcc-5.3.0/configure --prefix=/usr/local/opt/gcc-5.3.0-32 --x-includes=/usr/local/X11R7/include --x-libraries=/usr/local/X11R7/lib --enable-tls --enable-languages=c,c++ --disable-multilib --disable-bootstrap --host=i686-pc-linux-gnu --build=i686-pc-linux-gnu : (reconfigured) ../gcc-5.3.0/configure --prefix=/usr/local/opt/gcc-5.3.0-32 --x-includes=/usr/local/X11R7/include --x-libraries=/usr/local/X11R7/lib --enable-tls --enable-languages=c,c++,fortran,java --disable-multilib --disable-bootstrap --host=i686-pc-linux-gnu --build=i686-pc-linux-gnu]
  ignore line: [Modelo de hilos: posix]
  ignore line: [gcc versión 5.3.0 (GCC) ]
  ignore line: [COMPILER_PATH=/usr/local/opt/gcc-5.3.0-32/libexec/gcc/i686-pc-linux-gnu/5.3.0/:/usr/local/opt/gcc-5.3.0-32/libexec/gcc/i686-pc-linux-gnu/5.3.0/:/usr/local/opt/gcc-5.3.0-32/libexec/gcc/i686-pc-linux-gnu/:/usr/local/opt/gcc-5.3.0-32/lib/gcc/i686-pc-linux-gnu/5.3.0/:/usr/local/opt/gcc-5.3.0-32/lib/gcc/i686-pc-linux-gnu/]
  ignore line: [LIBRARY_PATH=/usr/local/opt/gcc-5.3.0-32/lib/gcc/i686-pc-linux-gnu/5.3.0/:/usr/local/opt/gcc-5.3.0-32/lib/gcc/i686-pc-linux-gnu/5.3.0/../../../:/lib/:/usr/lib/]
  ignore line: [COLLECT_GCC_OPTIONS='-v' '-rdynamic' '-o' 'cmTC_63fd9' '-shared-libgcc' '-mtune=generic' '-march=pentiumpro']
  link line: [ /usr/local/opt/gcc-5.3.0-32/libexec/gcc/i686-pc-linux-gnu/5.3.0/collect2 -plugin /usr/local/opt/gcc-5.3.0-32/libexec/gcc/i686-pc-linux-gnu/5.3.0/liblto_plugin.so -plugin-opt=/usr/local/opt/gcc-5.3.0-32/libexec/gcc/i686-pc-linux-gnu/5.3.0/lto-wrapper -plugin-opt=-fresolution=/tmp/cclJ0CM6.res -plugin-opt=-pass-through=-lgcc_s -plugin-opt=-pass-through=-lgcc -plugin-opt=-pass-through=-lc -plugin-opt=-pass-through=-lgcc_s -plugin-opt=-pass-through=-lgcc --eh-frame-hdr -m elf_i386 -export-dynamic -dynamic-linker /lib/ld-linux.so.2 -o cmTC_63fd9 /lib/crt1.o /lib/crti.o /usr/local/opt/gcc-5.3.0-32/lib/gcc/i686-pc-linux-gnu/5.3.0/crtbegin.o -L/usr/local/opt/gcc-5.3.0-32/lib/gcc/i686-pc-linux-gnu/5.3.0 -L/usr/local/opt/gcc-5.3.0-32/lib/gcc/i686-pc-linux-gnu/5.3.0/../../.. CMakeFiles/cmTC_63fd9.dir/CMakeCXXCompilerABI.cpp.o -lstdc++ -lm -lgcc_s -lgcc -lc -lgcc_s -lgcc /usr/local/opt/gcc-5.3.0-32/lib/gcc/i686-pc-linux-gnu/5.3.0/crtend.o /lib/crtn.o]
    arg [/usr/local/opt/gcc-5.3.0-32/libexec/gcc/i686-pc-linux-gnu/5.3.0/collect2] ==> ignore
    arg [-plugin] ==> ignore
    arg [/usr/local/opt/gcc-5.3.0-32/libexec/gcc/i686-pc-linux-gnu/5.3.0/liblto_plugin.so] ==> ignore
    arg [-plugin-opt=/usr/local/opt/gcc-5.3.0-32/libexec/gcc/i686-pc-linux-gnu/5.3.0/lto-wrapper] ==> ignore
    arg [-plugin-opt=-fresolution=/tmp/cclJ0CM6.res] ==> ignore
    arg [-plugin-opt=-pass-through=-lgcc_s] ==> ignore
    arg [-plugin-opt=-pass-through=-lgcc] ==> ignore
    arg [-plugin-opt=-pass-through=-lc] ==> ignore
    arg [-plugin-opt=-pass-through=-lgcc_s] ==> ignore
    arg [-plugin-opt=-pass-through=-lgcc] ==> ignore
    arg [--eh-frame-hdr] ==> ignore
    arg [-m] ==> ignore
    arg [elf_i386] ==> ignore
    arg [-export-dynamic] ==> ignore
    arg [-dynamic-linker] ==> ignore
    arg [/lib/ld-linux.so.2] ==> ignore
    arg [-o] ==> ignore
    arg [cmTC_63fd9] ==> ignore
    arg [/lib/crt1.o] ==> ignore
    arg [/lib/crti.o] ==> ignore
    arg [/usr/local/opt/gcc-5.3.0-32/lib/gcc/i686-pc-linux-gnu/5.3.0/crtbegin.o] ==> ignore
    arg [-L/usr/local/opt/gcc-5.3.0-32/lib/gcc/i686-pc-linux-gnu/5.3.0] ==> dir [/usr/local/opt/gcc-5.3.0-32/lib/gcc/i686-pc-linux-gnu/5.3.0]
    arg [-L/usr/local/opt/gcc-5.3.0-32/lib/gcc/i686-pc-linux-gnu/5.3.0/../../..] ==> dir [/usr/local/opt/gcc-5.3.0-32/lib/gcc/i686-pc-linux-gnu/5.3.0/../../..]
    arg [CMakeFiles/cmTC_63fd9.dir/CMakeCXXCompilerABI.cpp.o] ==> ignore
    arg [-lstdc++] ==> lib [stdc++]
    arg [-lm] ==> lib [m]
    arg [-lgcc_s] ==> lib [gcc_s]
    arg [-lgcc] ==> lib [gcc]
    arg [-lc] ==> lib [c]
    arg [-lgcc_s] ==> lib [gcc_s]
    arg [-lgcc] ==> lib [gcc]
    arg [/usr/local/opt/gcc-5.3.0-32/lib/gcc/i686-pc-linux-gnu/5.3.0/crtend.o] ==> ignore
    arg [/lib/crtn.o] ==> ignore
  collapse library dir [/usr/local/opt/gcc-5.3.0-32/lib/gcc/i686-pc-linux-gnu/5.3.0] ==> [/usr/local/opt/gcc-5.3.0-32/lib/gcc/i686-pc-linux-gnu/5.3.0]
  collapse library dir [/usr/local/opt/gcc-5.3.0-32/lib/gcc/i686-pc-linux-gnu/5.3.0/../../..] ==> [/usr/local/opt/gcc-5.3.0-32/lib]
  implicit libs: [stdc++;m;gcc_s;gcc;c;gcc_s;gcc]
  implicit dirs: [/usr/local/opt/gcc-5.3.0-32/lib/gcc/i686-pc-linux-gnu/5.3.0;/usr/local/opt/gcc-5.3.0-32/lib]
  implicit fwks: []




Detecting CXX [-std=c++1z] compiler features compiled with the following output:
Change Dir: /home/i72saraf/Desktop/fsiv/fsiv_tutorial_opencv/CMakeFiles/CMakeTmp

Run Build Command:"/usr/local/bin/gmake" "cmTC_2984d/fast"
gmake: Atención: El archivo 'Makefile' tiene una hora de modificación 0,011 s en el futuro
/usr/local/bin/gmake -f CMakeFiles/cmTC_2984d.dir/build.make CMakeFiles/cmTC_2984d.dir/build
gmake[1]: se entra en el directorio '/home/i72saraf/Desktop/fsiv/fsiv_tutorial_opencv/CMakeFiles/CMakeTmp'
gmake[1]: Atención: El archivo 'CMakeFiles/cmTC_2984d.dir/progress.make' tiene una hora de modificación 0,016 s en el futuro
Building CXX object CMakeFiles/cmTC_2984d.dir/feature_tests.cxx.o
/usr/local/opt/gcc-5.3.0-32/bin/c++    -std=c++1z -o CMakeFiles/cmTC_2984d.dir/feature_tests.cxx.o -c /home/i72saraf/Desktop/fsiv/fsiv_tutorial_opencv/CMakeFiles/feature_tests.cxx
Linking CXX executable cmTC_2984d
/usr/local/bin/cmake -E cmake_link_script CMakeFiles/cmTC_2984d.dir/link.txt --verbose=1
/usr/local/opt/gcc-5.3.0-32/bin/c++       -rdynamic CMakeFiles/cmTC_2984d.dir/feature_tests.cxx.o  -o cmTC_2984d 
gmake[1]: atención: Se ha detectado una desviación en el reloj. La construcción podría estar incompleta.
gmake[1]: se sale del directorio '/home/i72saraf/Desktop/fsiv/fsiv_tutorial_opencv/CMakeFiles/CMakeTmp'
gmake: atención: Se ha detectado una desviación en el reloj. La construcción podría estar incompleta.


    Feature record: CXX_FEATURE:1cxx_aggregate_default_initializers
    Feature record: CXX_FEATURE:1cxx_alias_templates
    Feature record: CXX_FEATURE:1cxx_alignas
    Feature record: CXX_FEATURE:1cxx_alignof
    Feature record: CXX_FEATURE:1cxx_attributes
    Feature record: CXX_FEATURE:1cxx_attribute_deprecated
    Feature record: CXX_FEATURE:1cxx_auto_type
    Feature record: CXX_FEATURE:1cxx_binary_literals
    Feature record: CXX_FEATURE:1cxx_constexpr
    Feature record: CXX_FEATURE:1cxx_contextual_conversions
    Feature record: CXX_FEATURE:1cxx_decltype
    Feature record: CXX_FEATURE:1cxx_decltype_auto
    Feature record: CXX_FEATURE:1cxx_decltype_incomplete_return_types
    Feature record: CXX_FEATURE:1cxx_default_function_template_args
    Feature record: CXX_FEATURE:1cxx_defaulted_functions
    Feature record: CXX_FEATURE:1cxx_defaulted_move_initializers
    Feature record: CXX_FEATURE:1cxx_delegating_constructors
    Feature record: CXX_FEATURE:1cxx_deleted_functions
    Feature record: CXX_FEATURE:1cxx_digit_separators
    Feature record: CXX_FEATURE:1cxx_enum_forward_declarations
    Feature record: CXX_FEATURE:1cxx_explicit_conversions
    Feature record: CXX_FEATURE:1cxx_extended_friend_declarations
    Feature record: CXX_FEATURE:1cxx_extern_templates
    Feature record: CXX_FEATURE:1cxx_final
    Feature record: CXX_FEATURE:1cxx_func_identifier
    Feature record: CXX_FEATURE:1cxx_generalized_initializers
    Feature record: CXX_FEATURE:1cxx_generic_lambdas
    Feature record: CXX_FEATURE:1cxx_inheriting_constructors
    Feature record: CXX_FEATURE:1cxx_inline_namespaces
    Feature record: CXX_FEATURE:1cxx_lambdas
    Feature record: CXX_FEATURE:1cxx_lambda_init_captures
    Feature record: CXX_FEATURE:1cxx_local_type_template_args
    Feature record: CXX_FEATURE:1cxx_long_long_type
    Feature record: CXX_FEATURE:1cxx_noexcept
    Feature record: CXX_FEATURE:1cxx_nonstatic_member_init
    Feature record: CXX_FEATURE:1cxx_nullptr
    Feature record: CXX_FEATURE:1cxx_override
    Feature record: CXX_FEATURE:1cxx_range_for
    Feature record: CXX_FEATURE:1cxx_raw_string_literals
    Feature record: CXX_FEATURE:1cxx_reference_qualified_functions
    Feature record: CXX_FEATURE:1cxx_relaxed_constexpr
    Feature record: CXX_FEATURE:1cxx_return_type_deduction
    Feature record: CXX_FEATURE:1cxx_right_angle_brackets
    Feature record: CXX_FEATURE:1cxx_rvalue_references
    Feature record: CXX_FEATURE:1cxx_sizeof_member
    Feature record: CXX_FEATURE:1cxx_static_assert
    Feature record: CXX_FEATURE:1cxx_strong_enums
    Feature record: CXX_FEATURE:1cxx_template_template_parameters
    Feature record: CXX_FEATURE:1cxx_thread_local
    Feature record: CXX_FEATURE:1cxx_trailing_return_types
    Feature record: CXX_FEATURE:1cxx_unicode_literals
    Feature record: CXX_FEATURE:1cxx_uniform_initialization
    Feature record: CXX_FEATURE:1cxx_unrestricted_unions
    Feature record: CXX_FEATURE:1cxx_user_literals
    Feature record: CXX_FEATURE:1cxx_variable_templates
    Feature record: CXX_FEATURE:1cxx_variadic_macros
    Feature record: CXX_FEATURE:1cxx_variadic_templates


Detecting CXX [-std=c++14] compiler features compiled with the following output:
Change Dir: /home/i72saraf/Desktop/fsiv/fsiv_tutorial_opencv/CMakeFiles/CMakeTmp

Run Build Command:"/usr/local/bin/gmake" "cmTC_0b41e/fast"
gmake: Atención: El archivo 'Makefile' tiene una hora de modificación 0,018 s en el futuro
/usr/local/bin/gmake -f CMakeFiles/cmTC_0b41e.dir/build.make CMakeFiles/cmTC_0b41e.dir/build
gmake[1]: se entra en el directorio '/home/i72saraf/Desktop/fsiv/fsiv_tutorial_opencv/CMakeFiles/CMakeTmp'
gmake[1]: Atención: El archivo 'CMakeFiles/cmTC_0b41e.dir/progress.make' tiene una hora de modificación 0,02 s en el futuro
Building CXX object CMakeFiles/cmTC_0b41e.dir/feature_tests.cxx.o
/usr/local/opt/gcc-5.3.0-32/bin/c++    -std=c++14 -o CMakeFiles/cmTC_0b41e.dir/feature_tests.cxx.o -c /home/i72saraf/Desktop/fsiv/fsiv_tutorial_opencv/CMakeFiles/feature_tests.cxx
Linking CXX executable cmTC_0b41e
/usr/local/bin/cmake -E cmake_link_script CMakeFiles/cmTC_0b41e.dir/link.txt --verbose=1
/usr/local/opt/gcc-5.3.0-32/bin/c++       -rdynamic CMakeFiles/cmTC_0b41e.dir/feature_tests.cxx.o  -o cmTC_0b41e 
gmake[1]: atención: Se ha detectado una desviación en el reloj. La construcción podría estar incompleta.
gmake[1]: se sale del directorio '/home/i72saraf/Desktop/fsiv/fsiv_tutorial_opencv/CMakeFiles/CMakeTmp'
gmake: atención: Se ha detectado una desviación en el reloj. La construcción podría estar incompleta.


    Feature record: CXX_FEATURE:1cxx_aggregate_default_initializers
    Feature record: CXX_FEATURE:1cxx_alias_templates
    Feature record: CXX_FEATURE:1cxx_alignas
    Feature record: CXX_FEATURE:1cxx_alignof
    Feature record: CXX_FEATURE:1cxx_attributes
    Feature record: CXX_FEATURE:1cxx_attribute_deprecated
    Feature record: CXX_FEATURE:1cxx_auto_type
    Feature record: CXX_FEATURE:1cxx_binary_literals
    Feature record: CXX_FEATURE:1cxx_constexpr
    Feature record: CXX_FEATURE:1cxx_contextual_conversions
    Feature record: CXX_FEATURE:1cxx_decltype
    Feature record: CXX_FEATURE:1cxx_decltype_auto
    Feature record: CXX_FEATURE:1cxx_decltype_incomplete_return_types
    Feature record: CXX_FEATURE:1cxx_default_function_template_args
    Feature record: CXX_FEATURE:1cxx_defaulted_functions
    Feature record: CXX_FEATURE:1cxx_defaulted_move_initializers
    Feature record: CXX_FEATURE:1cxx_delegating_constructors
    Feature record: CXX_FEATURE:1cxx_deleted_functions
    Feature record: CXX_FEATURE:1cxx_digit_separators
    Feature record: CXX_FEATURE:1cxx_enum_forward_declarations
    Feature record: CXX_FEATURE:1cxx_explicit_conversions
    Feature record: CXX_FEATURE:1cxx_extended_friend_declarations
    Feature record: CXX_FEATURE:1cxx_extern_templates
    Feature record: CXX_FEATURE:1cxx_final
    Feature record: CXX_FEATURE:1cxx_func_identifier
    Feature record: CXX_FEATURE:1cxx_generalized_initializers
    Feature record: CXX_FEATURE:1cxx_generic_lambdas
    Feature record: CXX_FEATURE:1cxx_inheriting_constructors
    Feature record: CXX_FEATURE:1cxx_inline_namespaces
    Feature record: CXX_FEATURE:1cxx_lambdas
    Feature record: CXX_FEATURE:1cxx_lambda_init_captures
    Feature record: CXX_FEATURE:1cxx_local_type_template_args
    Feature record: CXX_FEATURE:1cxx_long_long_type
    Feature record: CXX_FEATURE:1cxx_noexcept
    Feature record: CXX_FEATURE:1cxx_nonstatic_member_init
    Feature record: CXX_FEATURE:1cxx_nullptr
    Feature record: CXX_FEATURE:1cxx_override
    Feature record: CXX_FEATURE:1cxx_range_for
    Feature record: CXX_FEATURE:1cxx_raw_string_literals
    Feature record: CXX_FEATURE:1cxx_reference_qualified_functions
    Feature record: CXX_FEATURE:1cxx_relaxed_constexpr
    Feature record: CXX_FEATURE:1cxx_return_type_deduction
    Feature record: CXX_FEATURE:1cxx_right_angle_brackets
    Feature record: CXX_FEATURE:1cxx_rvalue_references
    Feature record: CXX_FEATURE:1cxx_sizeof_member
    Feature record: CXX_FEATURE:1cxx_static_assert
    Feature record: CXX_FEATURE:1cxx_strong_enums
    Feature record: CXX_FEATURE:1cxx_template_template_parameters
    Feature record: CXX_FEATURE:1cxx_thread_local
    Feature record: CXX_FEATURE:1cxx_trailing_return_types
    Feature record: CXX_FEATURE:1cxx_unicode_literals
    Feature record: CXX_FEATURE:1cxx_uniform_initialization
    Feature record: CXX_FEATURE:1cxx_unrestricted_unions
    Feature record: CXX_FEATURE:1cxx_user_literals
    Feature record: CXX_FEATURE:1cxx_variable_templates
    Feature record: CXX_FEATURE:1cxx_variadic_macros
    Feature record: CXX_FEATURE:1cxx_variadic_templates


Detecting CXX [-std=c++11] compiler features compiled with the following output:
Change Dir: /home/i72saraf/Desktop/fsiv/fsiv_tutorial_opencv/CMakeFiles/CMakeTmp

Run Build Command:"/usr/local/bin/gmake" "cmTC_2761f/fast"
gmake: Atención: El archivo 'Makefile' tiene una hora de modificación 0,014 s en el futuro
/usr/local/bin/gmake -f CMakeFiles/cmTC_2761f.dir/build.make CMakeFiles/cmTC_2761f.dir/build
gmake[1]: se entra en el directorio '/home/i72saraf/Desktop/fsiv/fsiv_tutorial_opencv/CMakeFiles/CMakeTmp'
gmake[1]: Atención: El archivo 'CMakeFiles/cmTC_2761f.dir/progress.make' tiene una hora de modificación 0,018 s en el futuro
Building CXX object CMakeFiles/cmTC_2761f.dir/feature_tests.cxx.o
/usr/local/opt/gcc-5.3.0-32/bin/c++    -std=c++11 -o CMakeFiles/cmTC_2761f.dir/feature_tests.cxx.o -c /home/i72saraf/Desktop/fsiv/fsiv_tutorial_opencv/CMakeFiles/feature_tests.cxx
Linking CXX executable cmTC_2761f
/usr/local/bin/cmake -E cmake_link_script CMakeFiles/cmTC_2761f.dir/link.txt --verbose=1
/usr/local/opt/gcc-5.3.0-32/bin/c++       -rdynamic CMakeFiles/cmTC_2761f.dir/feature_tests.cxx.o  -o cmTC_2761f 
gmake[1]: atención: Se ha detectado una desviación en el reloj. La construcción podría estar incompleta.
gmake[1]: se sale del directorio '/home/i72saraf/Desktop/fsiv/fsiv_tutorial_opencv/CMakeFiles/CMakeTmp'
gmake: atención: Se ha detectado una desviación en el reloj. La construcción podría estar incompleta.


    Feature record: CXX_FEATURE:0cxx_aggregate_default_initializers
    Feature record: CXX_FEATURE:1cxx_alias_templates
    Feature record: CXX_FEATURE:1cxx_alignas
    Feature record: CXX_FEATURE:1cxx_alignof
    Feature record: CXX_FEATURE:1cxx_attributes
    Feature record: CXX_FEATURE:0cxx_attribute_deprecated
    Feature record: CXX_FEATURE:1cxx_auto_type
    Feature record: CXX_FEATURE:0cxx_binary_literals
    Feature record: CXX_FEATURE:1cxx_constexpr
    Feature record: CXX_FEATURE:0cxx_contextual_conversions
    Feature record: CXX_FEATURE:1cxx_decltype
    Feature record: CXX_FEATURE:0cxx_decltype_auto
    Feature record: CXX_FEATURE:1cxx_decltype_incomplete_return_types
    Feature record: CXX_FEATURE:1cxx_default_function_template_args
    Feature record: CXX_FEATURE:1cxx_defaulted_functions
    Feature record: CXX_FEATURE:1cxx_defaulted_move_initializers
    Feature record: CXX_FEATURE:1cxx_delegating_constructors
    Feature record: CXX_FEATURE:1cxx_deleted_functions
    Feature record: CXX_FEATURE:0cxx_digit_separators
    Feature record: CXX_FEATURE:1cxx_enum_forward_declarations
    Feature record: CXX_FEATURE:1cxx_explicit_conversions
    Feature record: CXX_FEATURE:1cxx_extended_friend_declarations
    Feature record: CXX_FEATURE:1cxx_extern_templates
    Feature record: CXX_FEATURE:1cxx_final
    Feature record: CXX_FEATURE:1cxx_func_identifier
    Feature record: CXX_FEATURE:1cxx_generalized_initializers
    Feature record: CXX_FEATURE:0cxx_generic_lambdas
    Feature record: CXX_FEATURE:1cxx_inheriting_constructors
    Feature record: CXX_FEATURE:1cxx_inline_namespaces
    Feature record: CXX_FEATURE:1cxx_lambdas
    Feature record: CXX_FEATURE:0cxx_lambda_init_captures
    Feature record: CXX_FEATURE:1cxx_local_type_template_args
    Feature record: CXX_FEATURE:1cxx_long_long_type
    Feature record: CXX_FEATURE:1cxx_noexcept
    Feature record: CXX_FEATURE:1cxx_nonstatic_member_init
    Feature record: CXX_FEATURE:1cxx_nullptr
    Feature record: CXX_FEATURE:1cxx_override
    Feature record: CXX_FEATURE:1cxx_range_for
    Feature record: CXX_FEATURE:1cxx_raw_string_literals
    Feature record: CXX_FEATURE:1cxx_reference_qualified_functions
    Feature record: CXX_FEATURE:0cxx_relaxed_constexpr
    Feature record: CXX_FEATURE:0cxx_return_type_deduction
    Feature record: CXX_FEATURE:1cxx_right_angle_brackets
    Feature record: CXX_FEATURE:1cxx_rvalue_references
    Feature record: CXX_FEATURE:1cxx_sizeof_member
    Feature record: CXX_FEATURE:1cxx_static_assert
    Feature record: CXX_FEATURE:1cxx_strong_enums
    Feature record: CXX_FEATURE:1cxx_template_template_parameters
    Feature record: CXX_FEATURE:1cxx_thread_local
    Feature record: CXX_FEATURE:1cxx_trailing_return_types
    Feature record: CXX_FEATURE:1cxx_unicode_literals
    Feature record: CXX_FEATURE:1cxx_uniform_initialization
    Feature record: CXX_FEATURE:1cxx_unrestricted_unions
    Feature record: CXX_FEATURE:1cxx_user_literals
    Feature record: CXX_FEATURE:0cxx_variable_templates
    Feature record: CXX_FEATURE:1cxx_variadic_macros
    Feature record: CXX_FEATURE:1cxx_variadic_templates


Detecting CXX [-std=c++98] compiler features compiled with the following output:
Change Dir: /home/i72saraf/Desktop/fsiv/fsiv_tutorial_opencv/CMakeFiles/CMakeTmp

Run Build Command:"/usr/local/bin/gmake" "cmTC_defa9/fast"
gmake: Atención: El archivo 'Makefile' tiene una hora de modificación 0,014 s en el futuro
/usr/local/bin/gmake -f CMakeFiles/cmTC_defa9.dir/build.make CMakeFiles/cmTC_defa9.dir/build
gmake[1]: se entra en el directorio '/home/i72saraf/Desktop/fsiv/fsiv_tutorial_opencv/CMakeFiles/CMakeTmp'
Building CXX object CMakeFiles/cmTC_defa9.dir/feature_tests.cxx.o
/usr/local/opt/gcc-5.3.0-32/bin/c++    -std=c++98 -o CMakeFiles/cmTC_defa9.dir/feature_tests.cxx.o -c /home/i72saraf/Desktop/fsiv/fsiv_tutorial_opencv/CMakeFiles/feature_tests.cxx
Linking CXX executable cmTC_defa9
/usr/local/bin/cmake -E cmake_link_script CMakeFiles/cmTC_defa9.dir/link.txt --verbose=1
/usr/local/opt/gcc-5.3.0-32/bin/c++       -rdynamic CMakeFiles/cmTC_defa9.dir/feature_tests.cxx.o  -o cmTC_defa9 
gmake[1]: se sale del directorio '/home/i72saraf/Desktop/fsiv/fsiv_tutorial_opencv/CMakeFiles/CMakeTmp'
gmake: atención: Se ha detectado una desviación en el reloj. La construcción podría estar incompleta.


    Feature record: CXX_FEATURE:0cxx_aggregate_default_initializers
    Feature record: CXX_FEATURE:0cxx_alias_templates
    Feature record: CXX_FEATURE:0cxx_alignas
    Feature record: CXX_FEATURE:0cxx_alignof
    Feature record: CXX_FEATURE:0cxx_attributes
    Feature record: CXX_FEATURE:0cxx_attribute_deprecated
    Feature record: CXX_FEATURE:0cxx_auto_type
    Feature record: CXX_FEATURE:0cxx_binary_literals
    Feature record: CXX_FEATURE:0cxx_constexpr
    Feature record: CXX_FEATURE:0cxx_contextual_conversions
    Feature record: CXX_FEATURE:0cxx_decltype
    Feature record: CXX_FEATURE:0cxx_decltype_auto
    Feature record: CXX_FEATURE:0cxx_decltype_incomplete_return_types
    Feature record: CXX_FEATURE:0cxx_default_function_template_args
    Feature record: CXX_FEATURE:0cxx_defaulted_functions
    Feature record: CXX_FEATURE:0cxx_defaulted_move_initializers
    Feature record: CXX_FEATURE:0cxx_delegating_constructors
    Feature record: CXX_FEATURE:0cxx_deleted_functions
    Feature record: CXX_FEATURE:0cxx_digit_separators
    Feature record: CXX_FEATURE:0cxx_enum_forward_declarations
    Feature record: CXX_FEATURE:0cxx_explicit_conversions
    Feature record: CXX_FEATURE:0cxx_extended_friend_declarations
    Feature record: CXX_FEATURE:0cxx_extern_templates
    Feature record: CXX_FEATURE:0cxx_final
    Feature record: CXX_FEATURE:0cxx_func_identifier
    Feature record: CXX_FEATURE:0cxx_generalized_initializers
    Feature record: CXX_FEATURE:0cxx_generic_lambdas
    Feature record: CXX_FEATURE:0cxx_inheriting_constructors
    Feature record: CXX_FEATURE:0cxx_inline_namespaces
    Feature record: CXX_FEATURE:0cxx_lambdas
    Feature record: CXX_FEATURE:0cxx_lambda_init_captures
    Feature record: CXX_FEATURE:0cxx_local_type_template_args
    Feature record: CXX_FEATURE:0cxx_long_long_type
    Feature record: CXX_FEATURE:0cxx_noexcept
    Feature record: CXX_FEATURE:0cxx_nonstatic_member_init
    Feature record: CXX_FEATURE:0cxx_nullptr
    Feature record: CXX_FEATURE:0cxx_override
    Feature record: CXX_FEATURE:0cxx_range_for
    Feature record: CXX_FEATURE:0cxx_raw_string_literals
    Feature record: CXX_FEATURE:0cxx_reference_qualified_functions
    Feature record: CXX_FEATURE:0cxx_relaxed_constexpr
    Feature record: CXX_FEATURE:0cxx_return_type_deduction
    Feature record: CXX_FEATURE:0cxx_right_angle_brackets
    Feature record: CXX_FEATURE:0cxx_rvalue_references
    Feature record: CXX_FEATURE:0cxx_sizeof_member
    Feature record: CXX_FEATURE:0cxx_static_assert
    Feature record: CXX_FEATURE:0cxx_strong_enums
    Feature record: CXX_FEATURE:1cxx_template_template_parameters
    Feature record: CXX_FEATURE:0cxx_thread_local
    Feature record: CXX_FEATURE:0cxx_trailing_return_types
    Feature record: CXX_FEATURE:0cxx_unicode_literals
    Feature record: CXX_FEATURE:0cxx_uniform_initialization
    Feature record: CXX_FEATURE:0cxx_unrestricted_unions
    Feature record: CXX_FEATURE:0cxx_user_literals
    Feature record: CXX_FEATURE:0cxx_variable_templates
    Feature record: CXX_FEATURE:0cxx_variadic_macros
    Feature record: CXX_FEATURE:0cxx_variadic_templates
